  PluginEditor.cpp
C:\Users\richm\Documents\Projects\cppProjects\SynthWave\Source\SynthSound.h(16,36): warning C4100: 'midiNoteNumber': unreferenced formal parameter
C:\Users\richm\Documents\Projects\cppProjects\SynthWave\Source\SynthSound.h(19,39): warning C4100: 'midiChannel': unreferenced formal parameter
C:\Users\richm\Documents\Projects\cppProjects\SynthWave\Source\libs\Maximilian\src\maximilian.h(336,44): warning C4267: 'return': conversion from 'size_t' to 'unsigned long', possible loss of data
C:\Users\richm\Documents\Projects\cppProjects\SynthWave\Source\libs\Maximilian\src\maximilian.h(535,30): warning C4458: declaration of 'trigger' hides class member
C:\Users\richm\Documents\Projects\cppProjects\SynthWave\Source\libs\Maximilian\src\maximilian.h(522,6): message : see declaration of 'maxiEnv::trigger'
C:\Users\richm\Documents\Projects\cppProjects\SynthWave\Source\libs\Maximilian\src\maximilian.h(629,60): warning C4244: 'argument': conversion from 'double' to 'int', possible loss of data
C:\Users\richm\Documents\Projects\cppProjects\SynthWave\Source\libs\Maximilian\src\maximilian.h(654,61): warning C4244: 'argument': conversion from 'double' to 'int', possible loss of data
C:\Users\richm\Documents\Projects\cppProjects\SynthWave\Source\libs\Maximilian\src\maximilian.h(655,75): warning C4244: 'argument': conversion from 'double' to 'int', possible loss of data
C:\Users\richm\Documents\Projects\cppProjects\SynthWave\Source\libs\Maximilian\src\maximilian.h(1021,55): warning C4458: declaration of 'phases' hides class member
C:\Users\richm\Documents\Projects\cppProjects\SynthWave\Source\libs\Maximilian\src\maximilian.h(1056,25): message : see declaration of 'maxiKuramotoOscillatorSet::phases'
C:\Users\richm\Documents\Projects\cppProjects\SynthWave\Source\libs\Maximilian\src\maximilian.h(1072,55): warning C4458: declaration of 'phases' hides class member
C:\Users\richm\Documents\Projects\cppProjects\SynthWave\Source\libs\Maximilian\src\maximilian.h(1056,25): message : see declaration of 'maxiKuramotoOscillatorSet::phases'
C:\Users\richm\Documents\Projects\cppProjects\SynthWave\Source\libs\Maximilian\src\maximilian.h(1212,38): warning C4244: 'initializing': conversion from 'double' to 'maxiBits::bitsig', possible loss of data
C:\Users\richm\Documents\Projects\cppProjects\SynthWave\Source\libs\Maximilian\src\maximilian.h(1212,26): warning C4244: 'initializing': conversion from 'double' to 'const maxiBits::bitsig', possible loss of data
C:\Users\richm\Documents\Projects\cppProjects\SynthWave\Source\SynthVoice.h(48,24): warning C4244: 'initializing': conversion from 'double' to 'float', possible loss of data
C:\Users\richm\Documents\Projects\cppProjects\SynthWave\Source\SynthVoice.h(47,91): warning C4100: 'currentPitchWheelPosition': unreferenced formal parameter
C:\Users\richm\Documents\Projects\cppProjects\SynthWave\Source\SynthVoice.h(47,80): warning C4100: 'sound': unreferenced formal parameter
C:\Users\richm\Documents\Projects\cppProjects\SynthWave\Source\SynthVoice.h(54,40): warning C4100: 'allowTailOff': unreferenced formal parameter
C:\Users\richm\Documents\Projects\cppProjects\SynthWave\Source\SynthVoice.h(54,25): warning C4100: 'velocity': unreferenced formal parameter
C:\Users\richm\Documents\Projects\cppProjects\SynthWave\Source\SynthVoice.h(59,30): warning C4100: 'newPitchWheelValue': unreferenced formal parameter
C:\Users\richm\Documents\Projects\cppProjects\SynthWave\Source\SynthVoice.h(61,52): warning C4100: 'newControllerValue': unreferenced formal parameter
C:\Users\richm\Documents\Projects\cppProjects\SynthWave\Source\SynthVoice.h(61,30): warning C4100: 'controllerNumber': unreferenced formal parameter
  SynthWave_SharedCode.vcxproj -> C:\Users\richm\Documents\Projects\cppProjects\SynthWave\Builds\VisualStudio2019\x64\Debug\Shared Code\SynthWave.lib
